<?xml version="1.0" encoding="UTF-8"?>
<!-- Generated by org.testng.reporters.JUnitReportReporter -->
<testsuite hostname="DESKTOP-BKVHFCN" failures="0" tests="1" name="runner.MyRunner" time="24.211" errors="0" timestamp="2022-08-25T07:50:28 IST" skipped="0">
  <testcase classname="runner.MyRunner" name="runScenario" time="24.211"/>
</testsuite> <!-- runner.MyRunner -->
